<?xml version="1.0" encoding="UTF-8"?>
<!-- Generated by org.testng.reporters.JUnitXMLReporter -->
<testsuite hostname="aladmin-HP-EliteBook-840-G2" ignored="0" name="ChromeTest1-Desktop" tests="2" failures="1" timestamp="2021-12-27T16:31:46 IST" time="178.301" errors="0">
  <testcase name="CRCSamplereport" time="60.179" classname="scripts.crc.Crc_Test"/>
  <testcase name="CRCPrgud" time="66.615" classname="scripts.crc.Crc_Test">
    <failure type="java.lang.AssertionError" message="null">
      <![CDATA[java.lang.AssertionError: null
at generic.BasePageCrc.elementvisibility(BasePageCrc.java:41)
at pom.ImportCreditreport_PrivacyGuard.importPrivacyGuard(ImportCreditreport_PrivacyGuard.java:121)
at scripts.crc.Crc_Test.CRCPrgud(Crc_Test.java:78)
at java.util.ArrayList.forEach(ArrayList.java:1259)
... Removed 29 stack frames]]>
    </failure>
  </testcase> <!-- CRCPrgud -->
</testsuite> <!-- ChromeTest1-Desktop -->
