<?xml version="1.0" encoding="UTF-8"?>
<testng-results skipped="0" failed="1" ignored="0" total="1" passed="0">
  <reporter-output>
    <line>
      <![CDATA[pass: element is visible ]]>
    </line>
    <line>
      <![CDATA[pass: element is visible ]]>
    </line>
    <line>
      <![CDATA[pass: element is visible ]]>
    </line>
    <line>
      <![CDATA[pass: element is visible ]]>
    </line>
    <line>
      <![CDATA[pass: element is visible ]]>
    </line>
    <line>
      <![CDATA[pass: element is visible ]]>
    </line>
    <line>
      <![CDATA[pass: element is visible ]]>
    </line>
    <line>
      <![CDATA[pass: element is visible ]]>
    </line>
    <line>
      <![CDATA[pass: element is visible ]]>
    </line>
    <line>
      <![CDATA[pass: element is visible ]]>
    </line>
    <line>
      <![CDATA[pass: element is visible ]]>
    </line>
    <line>
      <![CDATA[]]>
    </line>
    <line>
      <![CDATA[fail: element is not visible]]>
    </line>
  </reporter-output>
  <suite name="Suite" duration-ms="1047623" started-at="2021-12-09T11:40:26 IST" finished-at="2021-12-09T11:57:54 IST">
    <groups>
    </groups>
    <test name="ChromeTest1-Desktop" duration-ms="1047623" started-at="2021-12-09T11:40:26 IST" finished-at="2021-12-09T11:57:54 IST">
      <class name="scripts.crc.Crc_Test">
        <test-method status="PASS" signature="precondition(java.lang.String, java.lang.String, java.lang.String, java.lang.String, java.lang.String)[pri:0, instance:scripts.crc.Crc_Test@627551fb]" name="precondition" is-config="true" duration-ms="15974" started-at="2021-12-09T11:40:26 IST" finished-at="2021-12-09T11:40:42 IST">
          <params>
            <param index="0">
              <value>
                <![CDATA[chrome]]>
              </value>
            </param>
            <param index="1">
              <value>
                <![CDATA[https://ui-test.creditrepaircloud.com/]]>
              </value>
            </param>
            <param index="2">
              <value>
                <![CDATA[--window-size=1600,900]]>
              </value>
            </param>
            <param index="3">
              <value>
                <![CDATA[headless]]>
              </value>
            </param>
            <param index="4">
              <value>
                <![CDATA[--disable-notifications]]>
              </value>
            </param>
          </params>
          <reporter-output>
          </reporter-output>
        </test-method> <!-- precondition -->
        <test-method status="FAIL" signature="CRC(java.lang.String)[pri:0, instance:scripts.crc.Crc_Test@627551fb]" name="CRC" duration-ms="1031385" started-at="2021-12-09T11:40:42 IST" data-provider="logindataset" finished-at="2021-12-09T11:57:54 IST">
          <params>
            <param index="0">
              <value>
                <![CDATA[uiux@yopmail.com,Test@1234,Manoj,Reddy Akkem,manojkumarreddy@yopmail.com,daniel@credit-aid.com,flatop63,(234) 567-5432,3944,daniel@credit-aid.com,flatop63,(234) 567-5432,danielrosen,flatop63,(234) 567-5432,3944,dr@credit-aid.com,flatop63,(234) 567-5432,manojkumarreddy@yopmail.com]]>
              </value>
            </param>
          </params>
          <exception class="java.lang.AssertionError">
            <message>
              <![CDATA[null]]>
            </message>
            <full-stacktrace>
              <![CDATA[java.lang.AssertionError: null
at org.testng.Assert.fail(Assert.java:99)
at org.testng.Assert.fail(Assert.java:106)
at generic.BasePageCrc.elementvisibility(BasePageCrc.java:41)
at pom.ImportCreditreport_PrivacyGuard.importPrivacyGuard(ImportCreditreport_PrivacyGuard.java:65)
at scripts.crc.Crc_Test.CRC(Crc_Test.java:35)
at sun.reflect.NativeMethodAccessorImpl.invoke0(Native Method)
at sun.reflect.NativeMethodAccessorImpl.invoke(NativeMethodAccessorImpl.java:62)
at sun.reflect.DelegatingMethodAccessorImpl.invoke(DelegatingMethodAccessorImpl.java:43)
at java.lang.reflect.Method.invoke(Method.java:498)
at org.testng.internal.MethodInvocationHelper.invokeMethod(MethodInvocationHelper.java:132)
at org.testng.internal.TestInvoker.invokeMethod(TestInvoker.java:599)
at org.testng.internal.TestInvoker.invokeTestMethod(TestInvoker.java:174)
at org.testng.internal.MethodRunner.runInSequence(MethodRunner.java:46)
at org.testng.internal.TestInvoker$MethodInvocationAgent.invoke(TestInvoker.java:822)
at org.testng.internal.TestInvoker.invokeTestMethods(TestInvoker.java:147)
at org.testng.internal.TestMethodWorker.invokeTestMethods(TestMethodWorker.java:146)
at org.testng.internal.TestMethodWorker.run(TestMethodWorker.java:128)
at java.util.ArrayList.forEach(ArrayList.java:1259)
at org.testng.TestRunner.privateRun(TestRunner.java:764)
at org.testng.TestRunner.run(TestRunner.java:585)
at org.testng.SuiteRunner.runTest(SuiteRunner.java:384)
at org.testng.SuiteRunner.runSequentially(SuiteRunner.java:378)
at org.testng.SuiteRunner.privateRun(SuiteRunner.java:337)
at org.testng.SuiteRunner.run(SuiteRunner.java:286)
at org.testng.SuiteRunnerWorker.runSuite(SuiteRunnerWorker.java:53)
at org.testng.SuiteRunnerWorker.run(SuiteRunnerWorker.java:96)
at org.testng.TestNG.runSuitesSequentially(TestNG.java:1218)
at org.testng.TestNG.runSuitesLocally(TestNG.java:1140)
at org.testng.TestNG.runSuites(TestNG.java:1069)
at org.testng.TestNG.run(TestNG.java:1037)
at org.apache.maven.surefire.testng.TestNGExecutor.run(TestNGExecutor.java:284)
at org.apache.maven.surefire.testng.TestNGXmlTestSuite.execute(TestNGXmlTestSuite.java:75)
at org.apache.maven.surefire.testng.TestNGProvider.invoke(TestNGProvider.java:119)
at org.apache.maven.surefire.booter.ForkedBooter.runSuitesInProcess(ForkedBooter.java:428)
at org.apache.maven.surefire.booter.ForkedBooter.execute(ForkedBooter.java:162)
at org.apache.maven.surefire.booter.ForkedBooter.run(ForkedBooter.java:562)
at org.apache.maven.surefire.booter.ForkedBooter.main(ForkedBooter.java:548)
]]>
            </full-stacktrace>
          </exception> <!-- java.lang.AssertionError -->
          <reporter-output>
            <line>
              <![CDATA[pass: element is visible ]]>
            </line>
            <line>
              <![CDATA[pass: element is visible ]]>
            </line>
            <line>
              <![CDATA[pass: element is visible ]]>
            </line>
            <line>
              <![CDATA[pass: element is visible ]]>
            </line>
            <line>
              <![CDATA[pass: element is visible ]]>
            </line>
            <line>
              <![CDATA[pass: element is visible ]]>
            </line>
            <line>
              <![CDATA[pass: element is visible ]]>
            </line>
            <line>
              <![CDATA[pass: element is visible ]]>
            </line>
            <line>
              <![CDATA[pass: element is visible ]]>
            </line>
            <line>
              <![CDATA[pass: element is visible ]]>
            </line>
            <line>
              <![CDATA[pass: element is visible ]]>
            </line>
            <line>
              <![CDATA[]]>
            </line>
            <line>
              <![CDATA[fail: element is not visible]]>
            </line>
          </reporter-output>
        </test-method> <!-- CRC -->
        <test-method status="PASS" signature="postcondition(org.testng.ITestResult)[pri:0, instance:scripts.crc.Crc_Test@627551fb]" name="postcondition" is-config="true" duration-ms="197" started-at="2021-12-09T11:57:54 IST" finished-at="2021-12-09T11:57:54 IST">
          <params>
            <param index="0">
              <value>
                <![CDATA[[TestResult name=CRC status=FAILURE method=Crc_Test.CRC(java.lang.String)[pri:0, instance:scripts.crc.Crc_Test@627551fb] output=pass: element is visible ]]]>
              </value>
            </param>
          </params>
          <reporter-output>
          </reporter-output>
        </test-method> <!-- postcondition -->
      </class> <!-- scripts.crc.Crc_Test -->
    </test> <!-- ChromeTest1-Desktop -->
  </suite> <!-- Suite -->
</testng-results>
